app/app/build/intermediates/manifest_merge_blame_file/debug/processDebugMainManifest/manifest-merger-blame-debug-report.txt
1<?xml version="1.0" encoding="utf-8"?>
2<manifest xmlns:android="http://schemas.android.com/apk/res/android"
3    package="com.trang.kidsenglishai"
4    android:versionCode="2"
5    android:versionName="2.0" >
6
7    <uses-sdk
8        android:minSdkVersion="24"
9        android:targetSdkVersion="34" />
10
11    <uses-permission android:name="android.permission.RECORD_AUDIO" />
11-->src\main\AndroidManifest.xml:4:5-71
11-->src\main\AndroidManifest.xml:4:22-68
12    <uses-permission android:name="android.permission.INTERNET" />
12-->src\main\AndroidManifest.xml:5:5-67
12-->src\main\AndroidManifest.xml:5:22-64
13    <uses-permission android:name="android.permission.CAMERA" />
13-->src\main\AndroidManifest.xml:6:5-65
13-->src\main\AndroidManifest.xml:6:22-62
14    <uses-permission android:name="android.permission.INTERNET" />
14-->src\main\AndroidManifest.xml:5:5-67
14-->src\main\AndroidManifest.xml:5:22-64
15
16    <permission
16-->[androidx.core:core:1.13.0] AndroidManifest.xml:22:5-24:47
17        android:name="com.trang.kidsenglishai.DYNAMIC_RECEIVER_NOT_EXPORTED_PERMISSION"
17-->[androidx.core:core:1.13.0] AndroidManifest.xml:23:9-81
18        android:protectionLevel="signature" />
18-->[androidx.core:core:1.13.0] AndroidManifest.xml:24:9-44
19
20    <uses-permission android:name="com.trang.kidsenglishai.DYNAMIC_RECEIVER_NOT_EXPORTED_PERMISSION" /> <!-- Although the *SdkVersion is captured in gradle build files, this is required for non gradle builds -->
20-->[androidx.core:core:1.13.0] AndroidManifest.xml:26:5-97
20-->[androidx.core:core:1.13.0] AndroidManifest.xml:26:22-94
21    <!-- <uses-sdk android:minSdkVersion="14"/> -->
22    <uses-permission android:name="android.permission.ACCESS_NETWORK_STATE" />
22-->[com.google.android.datatransport:transport-backend-cct:2.3.3] AndroidManifest.xml:25:5-79
22-->[com.google.android.datatransport:transport-backend-cct:2.3.3] AndroidManifest.xml:25:22-76
23
24    <application
24-->src\main\AndroidManifest.xml:8:5-47:19
25        android:allowBackup="true"
25-->src\main\AndroidManifest.xml:9:9-35
26        android:appComponentFactory="androidx.core.app.CoreComponentFactory"
26-->[androidx.core:core:1.13.0] AndroidManifest.xml:28:18-86
27        android:debuggable="true"
28        android:extractNativeLibs="false"
29        android:icon="@mipmap/ic_launcher"
29-->src\main\AndroidManifest.xml:12:9-43
30        android:label="@string/app_name"
30-->src\main\AndroidManifest.xml:13:9-41
31        android:networkSecurityConfig="@xml/network_security_config"
31-->src\main\AndroidManifest.xml:11:9-69
32        android:roundIcon="@mipmap/ic_launcher_round"
32-->src\main\AndroidManifest.xml:14:9-54
33        android:supportsRtl="true"
33-->src\main\AndroidManifest.xml:15:9-35
34        android:theme="@style/Theme.KidsEnglishAI"
34-->src\main\AndroidManifest.xml:16:9-51
35        android:usesCleartextTraffic="true" >
35-->src\main\AndroidManifest.xml:10:9-44
36        <activity
36-->src\main\AndroidManifest.xml:20:9-82
37            android:name="com.trang.kidsenglishai.ui.GameQuizActivity"
37-->src\main\AndroidManifest.xml:20:19-54
38            android:exported="false" />
38-->src\main\AndroidManifest.xml:20:55-79
39        <activity
39-->src\main\AndroidManifest.xml:21:9-88
40            android:name="com.trang.kidsenglishai.ui.PhotoTranslateActivity"
40-->src\main\AndroidManifest.xml:21:19-60
41            android:exported="false" />
41-->src\main\AndroidManifest.xml:21:61-85
42
43        <provider
44            android:name="androidx.core.content.FileProvider"
44-->src\main\AndroidManifest.xml:23:13-62
45            android:authorities="com.trang.kidsenglishai.fileprovider"
45-->src\main\AndroidManifest.xml:24:13-64
46            android:exported="false"
46-->src\main\AndroidManifest.xml:25:13-37
47            android:grantUriPermissions="true" >
47-->src\main\AndroidManifest.xml:26:13-47
48            <meta-data
48-->src\main\AndroidManifest.xml:28:13-30:54
49                android:name="android.support.FILE_PROVIDER_PATHS"
49-->src\main\AndroidManifest.xml:29:17-67
50                android:resource="@xml/file_paths" />
50-->src\main\AndroidManifest.xml:30:17-51
51        </provider>
52
53        <activity
53-->src\main\AndroidManifest.xml:32:9-81
54            android:name="com.trang.kidsenglishai.ui.ChatbotActivity"
54-->src\main\AndroidManifest.xml:32:19-53
55            android:exported="false" />
55-->src\main\AndroidManifest.xml:32:54-78
56        <activity
56-->src\main\AndroidManifest.xml:33:9-85
57            android:name="com.trang.kidsenglishai.ui.AchievementActivity"
57-->src\main\AndroidManifest.xml:33:19-57
58            android:exported="false" />
58-->src\main\AndroidManifest.xml:33:58-82
59        <activity
59-->src\main\AndroidManifest.xml:34:9-82
60            android:name="com.trang.kidsenglishai.ui.PracticeActivity"
60-->src\main\AndroidManifest.xml:34:19-54
61            android:exported="false" />
61-->src\main\AndroidManifest.xml:34:55-79
62        <activity
62-->src\main\AndroidManifest.xml:35:9-80
63            android:name="com.trang.kidsenglishai.ui.LessonActivity"
63-->src\main\AndroidManifest.xml:35:19-52
64            android:exported="false" />
64-->src\main\AndroidManifest.xml:35:53-77
65        <activity
65-->src\main\AndroidManifest.xml:36:9-83
66            android:name="com.trang.kidsenglishai.ui.TopicListActivity"
66-->src\main\AndroidManifest.xml:36:19-55
67            android:exported="false" />
67-->src\main\AndroidManifest.xml:36:56-80
68        <activity
68-->src\main\AndroidManifest.xml:37:9-78
69            android:name="com.trang.kidsenglishai.ui.HomeActivity"
69-->src\main\AndroidManifest.xml:37:19-50
70            android:exported="false" />
70-->src\main\AndroidManifest.xml:37:51-75
71        <activity
71-->src\main\AndroidManifest.xml:38:9-85
72            android:name="com.trang.kidsenglishai.ui.EditAccountActivity"
72-->src\main\AndroidManifest.xml:38:19-57
73            android:exported="false" />
73-->src\main\AndroidManifest.xml:38:58-82
74        <activity
74-->src\main\AndroidManifest.xml:39:9-88
75            android:name="com.trang.kidsenglishai.ui.ForgotPasswordActivity"
75-->src\main\AndroidManifest.xml:39:19-60
76            android:exported="false" />
76-->src\main\AndroidManifest.xml:39:61-85
77        <activity
77-->src\main\AndroidManifest.xml:40:9-82
78            android:name="com.trang.kidsenglishai.ui.RegisterActivity"
78-->src\main\AndroidManifest.xml:40:19-54
79            android:exported="false" />
79-->src\main\AndroidManifest.xml:40:55-79
80        <activity
80-->src\main\AndroidManifest.xml:41:9-46:20
81            android:name="com.trang.kidsenglishai.ui.LoginActivity"
81-->src\main\AndroidManifest.xml:41:19-51
82            android:exported="true" >
82-->src\main\AndroidManifest.xml:41:52-75
83            <intent-filter>
83-->src\main\AndroidManifest.xml:42:13-45:29
84                <action android:name="android.intent.action.MAIN" />
84-->src\main\AndroidManifest.xml:43:17-69
84-->src\main\AndroidManifest.xml:43:25-66
85
86                <category android:name="android.intent.category.LAUNCHER" />
86-->src\main\AndroidManifest.xml:44:17-77
86-->src\main\AndroidManifest.xml:44:27-74
87            </intent-filter>
88        </activity>
89
90        <service
90-->[com.google.android.gms:play-services-mlkit-text-recognition-common:19.1.0] AndroidManifest.xml:9:9-15:19
91            android:name="com.google.mlkit.common.internal.MlKitComponentDiscoveryService"
91-->[com.google.android.gms:play-services-mlkit-text-recognition-common:19.1.0] AndroidManifest.xml:10:13-91
92            android:directBootAware="true"
92-->[com.google.mlkit:common:18.11.0] AndroidManifest.xml:17:13-43
93            android:exported="false" >
93-->[com.google.android.gms:play-services-mlkit-text-recognition-common:19.1.0] AndroidManifest.xml:11:13-37
94            <meta-data
94-->[com.google.android.gms:play-services-mlkit-text-recognition-common:19.1.0] AndroidManifest.xml:12:13-14:85
95                android:name="com.google.firebase.components:com.google.mlkit.vision.text.internal.TextRegistrar"
95-->[com.google.android.gms:play-services-mlkit-text-recognition-common:19.1.0] AndroidManifest.xml:13:17-114
96                android:value="com.google.firebase.components.ComponentRegistrar" />
96-->[com.google.android.gms:play-services-mlkit-text-recognition-common:19.1.0] AndroidManifest.xml:14:17-82
97            <meta-data
97-->[com.google.mlkit:vision-common:17.3.0] AndroidManifest.xml:12:13-14:85
98                android:name="com.google.firebase.components:com.google.mlkit.vision.common.internal.VisionCommonRegistrar"
98-->[com.google.mlkit:vision-common:17.3.0] AndroidManifest.xml:13:17-124
99                android:value="com.google.firebase.components.ComponentRegistrar" />
99-->[com.google.mlkit:vision-common:17.3.0] AndroidManifest.xml:14:17-82
100            <meta-data
100-->[com.google.mlkit:common:18.11.0] AndroidManifest.xml:20:13-22:85
101                android:name="com.google.firebase.components:com.google.mlkit.common.internal.CommonComponentRegistrar"
101-->[com.google.mlkit:common:18.11.0] AndroidManifest.xml:21:17-120
102                android:value="com.google.firebase.components.ComponentRegistrar" />
102-->[com.google.mlkit:common:18.11.0] AndroidManifest.xml:22:17-82
103        </service>
104
105        <provider
105-->[com.google.mlkit:common:18.11.0] AndroidManifest.xml:9:9-13:38
106            android:name="com.google.mlkit.common.internal.MlKitInitProvider"
106-->[com.google.mlkit:common:18.11.0] AndroidManifest.xml:10:13-78
107            android:authorities="com.trang.kidsenglishai.mlkitinitprovider"
107-->[com.google.mlkit:common:18.11.0] AndroidManifest.xml:11:13-69
108            android:exported="false"
108-->[com.google.mlkit:common:18.11.0] AndroidManifest.xml:12:13-37
109            android:initOrder="99" />
109-->[com.google.mlkit:common:18.11.0] AndroidManifest.xml:13:13-35
110
111        <activity
111-->[com.google.android.gms:play-services-base:18.5.0] AndroidManifest.xml:5:9-173
112            android:name="com.google.android.gms.common.api.GoogleApiActivity"
112-->[com.google.android.gms:play-services-base:18.5.0] AndroidManifest.xml:5:19-85
113            android:exported="false"
113-->[com.google.android.gms:play-services-base:18.5.0] AndroidManifest.xml:5:146-170
114            android:theme="@android:style/Theme.Translucent.NoTitleBar" />
114-->[com.google.android.gms:play-services-base:18.5.0] AndroidManifest.xml:5:86-145
115
116        <meta-data
116-->[com.google.android.gms:play-services-basement:18.4.0] AndroidManifest.xml:6:9-122
117            android:name="com.google.android.gms.version"
117-->[com.google.android.gms:play-services-basement:18.4.0] AndroidManifest.xml:6:20-65
118            android:value="@integer/google_play_services_version" />
118-->[com.google.android.gms:play-services-basement:18.4.0] AndroidManifest.xml:6:66-119
119
120        <provider
120-->[androidx.emoji2:emoji2:1.3.0] AndroidManifest.xml:24:9-32:20
121            android:name="androidx.startup.InitializationProvider"
121-->[androidx.emoji2:emoji2:1.3.0] AndroidManifest.xml:25:13-67
122            android:authorities="com.trang.kidsenglishai.androidx-startup"
122-->[androidx.emoji2:emoji2:1.3.0] AndroidManifest.xml:26:13-68
123            android:exported="false" >
123-->[androidx.emoji2:emoji2:1.3.0] AndroidManifest.xml:27:13-37
124            <meta-data
124-->[androidx.emoji2:emoji2:1.3.0] AndroidManifest.xml:29:13-31:52
125                android:name="androidx.emoji2.text.EmojiCompatInitializer"
125-->[androidx.emoji2:emoji2:1.3.0] AndroidManifest.xml:30:17-75
126                android:value="androidx.startup" />
126-->[androidx.emoji2:emoji2:1.3.0] AndroidManifest.xml:31:17-49
127            <meta-data
127-->[androidx.lifecycle:lifecycle-process:2.8.7] AndroidManifest.xml:29:13-31:52
128                android:name="androidx.lifecycle.ProcessLifecycleInitializer"
128-->[androidx.lifecycle:lifecycle-process:2.8.7] AndroidManifest.xml:30:17-78
129                android:value="androidx.startup" />
129-->[androidx.lifecycle:lifecycle-process:2.8.7] AndroidManifest.xml:31:17-49
130            <meta-data
130-->[androidx.profileinstaller:profileinstaller:1.4.0] AndroidManifest.xml:29:13-31:52
131                android:name="androidx.profileinstaller.ProfileInstallerInitializer"
131-->[androidx.profileinstaller:profileinstaller:1.4.0] AndroidManifest.xml:30:17-85
132                android:value="androidx.startup" />
132-->[androidx.profileinstaller:profileinstaller:1.4.0] AndroidManifest.xml:31:17-49
133        </provider>
134
135        <receiver
135-->[androidx.profileinstaller:profileinstaller:1.4.0] AndroidManifest.xml:34:9-52:20
136            android:name="androidx.profileinstaller.ProfileInstallReceiver"
136-->[androidx.profileinstaller:profileinstaller:1.4.0] AndroidManifest.xml:35:13-76
137            android:directBootAware="false"
137-->[androidx.profileinstaller:profileinstaller:1.4.0] AndroidManifest.xml:36:13-44
138            android:enabled="true"
138-->[androidx.profileinstaller:profileinstaller:1.4.0] AndroidManifest.xml:37:13-35
139            android:exported="true"
139-->[androidx.profileinstaller:profileinstaller:1.4.0] AndroidManifest.xml:38:13-36
140            android:permission="android.permission.DUMP" >
140-->[androidx.profileinstaller:profileinstaller:1.4.0] AndroidManifest.xml:39:13-57
141            <intent-filter>
141-->[androidx.profileinstaller:profileinstaller:1.4.0] AndroidManifest.xml:40:13-42:29
142                <action android:name="androidx.profileinstaller.action.INSTALL_PROFILE" />
142-->[androidx.profileinstaller:profileinstaller:1.4.0] AndroidManifest.xml:41:17-91
142-->[androidx.profileinstaller:profileinstaller:1.4.0] AndroidManifest.xml:41:25-88
143            </intent-filter>
144            <intent-filter>
144-->[androidx.profileinstaller:profileinstaller:1.4.0] AndroidManifest.xml:43:13-45:29
145                <action android:name="androidx.profileinstaller.action.SKIP_FILE" />
145-->[androidx.profileinstaller:profileinstaller:1.4.0] AndroidManifest.xml:44:17-85
145-->[androidx.profileinstaller:profileinstaller:1.4.0] AndroidManifest.xml:44:25-82
146            </intent-filter>
147            <intent-filter>
147-->[androidx.profileinstaller:profileinstaller:1.4.0] AndroidManifest.xml:46:13-48:29
148                <action android:name="androidx.profileinstaller.action.SAVE_PROFILE" />
148-->[androidx.profileinstaller:profileinstaller:1.4.0] AndroidManifest.xml:47:17-88
148-->[androidx.profileinstaller:profileinstaller:1.4.0] AndroidManifest.xml:47:25-85
149            </intent-filter>
150            <intent-filter>
150-->[androidx.profileinstaller:profileinstaller:1.4.0] AndroidManifest.xml:49:13-51:29
151                <action android:name="androidx.profileinstaller.action.BENCHMARK_OPERATION" />
151-->[androidx.profileinstaller:profileinstaller:1.4.0] AndroidManifest.xml:50:17-95
151-->[androidx.profileinstaller:profileinstaller:1.4.0] AndroidManifest.xml:50:25-92
152            </intent-filter>
153        </receiver>
154
155        <service
155-->[com.google.android.datatransport:transport-backend-cct:2.3.3] AndroidManifest.xml:29:9-35:19
156            android:name="com.google.android.datatransport.runtime.backends.TransportBackendDiscovery"
156-->[com.google.android.datatransport:transport-backend-cct:2.3.3] AndroidManifest.xml:30:13-103
157            android:exported="false" >
157-->[com.google.android.datatransport:transport-backend-cct:2.3.3] AndroidManifest.xml:31:13-37
158            <meta-data
158-->[com.google.android.datatransport:transport-backend-cct:2.3.3] AndroidManifest.xml:32:13-34:39
159                android:name="backend:com.google.android.datatransport.cct.CctBackendFactory"
159-->[com.google.android.datatransport:transport-backend-cct:2.3.3] AndroidManifest.xml:33:17-94
160                android:value="cct" />
160-->[com.google.android.datatransport:transport-backend-cct:2.3.3] AndroidManifest.xml:34:17-36
161        </service>
162        <service
162-->[com.google.android.datatransport:transport-runtime:2.2.6] AndroidManifest.xml:26:9-30:19
163            android:name="com.google.android.datatransport.runtime.scheduling.jobscheduling.JobInfoSchedulerService"
163-->[com.google.android.datatransport:transport-runtime:2.2.6] AndroidManifest.xml:27:13-117
164            android:exported="false"
164-->[com.google.android.datatransport:transport-runtime:2.2.6] AndroidManifest.xml:28:13-37
165            android:permission="android.permission.BIND_JOB_SERVICE" >
165-->[com.google.android.datatransport:transport-runtime:2.2.6] AndroidManifest.xml:29:13-69
166        </service>
167
168        <receiver
168-->[com.google.android.datatransport:transport-runtime:2.2.6] AndroidManifest.xml:32:9-34:40
169            android:name="com.google.android.datatransport.runtime.scheduling.jobscheduling.AlarmManagerSchedulerBroadcastReceiver"
169-->[com.google.android.datatransport:transport-runtime:2.2.6] AndroidManifest.xml:33:13-132
170            android:exported="false" />
170-->[com.google.android.datatransport:transport-runtime:2.2.6] AndroidManifest.xml:34:13-37
171    </application>
172
173</manifest>